<?xml version="1.0" encoding="UTF-8"?>
<!-- Generated by org.testng.reporters.JUnitReportReporter -->
<testsuite hostname="DESKTOP-7P282N0" failures="0" tests="4" name="api.test.userTest" time="7.625" errors="0" timestamp="2024-04-29T18:58:20 IST" skipped="0">
  <testcase classname="api.test.userTest" name="createUser" time="3.890"/>
  <testcase classname="api.test.userTest" name="getUser" time="1.262"/>
  <testcase classname="api.test.userTest" name="updateUser" time="1.291"/>
  <testcase classname="api.test.userTest" name="deleteUser" time="1.182"/>
</testsuite> <!-- api.test.userTest -->
