<?xml version="1.0" encoding="UTF-8"?>
<!-- Generated by org.testng.reporters.JUnitReportReporter -->
<testsuite hostname="DESKTOP-7P282N0" failures="0" tests="4" name="api.test.userTest2" time="4.905" errors="0" timestamp="2024-04-29T18:58:20 IST" skipped="0">
  <testcase classname="api.test.userTest2" name="createUser" time="1.253"/>
  <testcase classname="api.test.userTest2" name="getUser" time="1.161"/>
  <testcase classname="api.test.userTest2" name="updateUser" time="1.290"/>
  <testcase classname="api.test.userTest2" name="deleteUser" time="1.201"/>
</testsuite> <!-- api.test.userTest2 -->
