<?xml version="1.0" encoding="UTF-8"?>
<!-- Generated by org.testng.reporters.JUnitReportReporter -->
<testsuite hostname="DESKTOP-7P282N0" failures="0" tests="4" name="api.test.userTest" time="7.986" errors="0" timestamp="2024-04-30T11:47:52 IST" skipped="0">
  <testcase classname="api.test.userTest" name="createUser" time="4.147"/>
  <testcase classname="api.test.userTest" name="getUser" time="1.325"/>
  <testcase classname="api.test.userTest" name="updateUser" time="1.187"/>
  <testcase classname="api.test.userTest" name="deleteUser" time="1.327"/>
</testsuite> <!-- api.test.userTest -->
